<?xml version="1.0" encoding="UTF-8"?>
<!-- Generated by org.testng.reporters.JUnitReportReporter -->
<testsuite hostname="Praneeth" failures="0" tests="1" name="test_Scripts.FuntionalityTest" time="0.019" errors="0" timestamp="2023-11-21T15:36:37 IST" skipped="0">
  <testcase classname="test_Scripts.FuntionalityTest" name="test" time="0.019"/>
  <system-out/>
</testsuite> <!-- test_Scripts.FuntionalityTest -->
