<?xml version="1.0" encoding="UTF-8"?>
<!-- Generated by org.testng.reporters.JUnitReportReporter -->
<testsuite hostname="Praneeth" failures="0" tests="1" name="register.SS_RG_001" time="0.000" errors="0" timestamp="2023-11-23T10:47:29 IST" skipped="1">
  <testcase classname="register.SS_RG_001" name="shopper_Register" time="0.000">
    <skipped/>
  </testcase> <!-- shopper_Register -->
  <system-out/>
</testsuite> <!-- register.SS_RG_001 -->
